<?xml version="1.0" encoding="UTF-8"?>
<testng-results ignored="6" total="13" passed="6" failed="1" skipped="0">
  <reporter-output>
  </reporter-output>
  <suite started-at="2022-09-02T17:25:02 IST" name="Suite" finished-at="2022-09-02T17:25:02 IST" duration-ms="133">
    <groups>
    </groups>
    <test started-at="2022-09-02T17:25:02 IST" name="HomeLoan" finished-at="2022-09-02T17:25:02 IST" duration-ms="133">
      <class name="test.TestNGBasics">
        <test-method signature="method1()[pri:0, instance:test.TestNGBasics@20f5239f]" started-at="2022-09-02T17:25:02 IST" name="method1" finished-at="2022-09-02T17:25:02 IST" duration-ms="14" status="FAIL">
          <exception class="java.lang.AssertionError">
            <message>
              <![CDATA[expected [true] but found [false]]]>
            </message>
            <full-stacktrace>
              <![CDATA[java.lang.AssertionError: expected [true] but found [false]
at org.testng.Assert.fail(Assert.java:99)
at org.testng.Assert.failNotEquals(Assert.java:1037)
at org.testng.Assert.assertTrue(Assert.java:45)
at org.testng.Assert.assertTrue(Assert.java:55)
at test.TestNGBasics.method1(TestNGBasics.java:21)
at java.base/jdk.internal.reflect.NativeMethodAccessorImpl.invoke0(Native Method)
at java.base/jdk.internal.reflect.NativeMethodAccessorImpl.invoke(NativeMethodAccessorImpl.java:77)
at java.base/jdk.internal.reflect.DelegatingMethodAccessorImpl.invoke(DelegatingMethodAccessorImpl.java:43)
at java.base/java.lang.reflect.Method.invoke(Method.java:568)
at org.testng.internal.MethodInvocationHelper.invokeMethod(MethodInvocationHelper.java:133)
at org.testng.internal.TestInvoker.invokeMethod(TestInvoker.java:598)
at org.testng.internal.TestInvoker.invokeTestMethod(TestInvoker.java:173)
at org.testng.internal.MethodRunner.runInSequence(MethodRunner.java:46)
at org.testng.internal.TestInvoker$MethodInvocationAgent.invoke(TestInvoker.java:824)
at org.testng.internal.TestInvoker.invokeTestMethods(TestInvoker.java:146)
at org.testng.internal.TestMethodWorker.invokeTestMethods(TestMethodWorker.java:146)
at org.testng.internal.TestMethodWorker.run(TestMethodWorker.java:128)
at java.base/java.util.ArrayList.forEach(ArrayList.java:1511)
at org.testng.TestRunner.privateRun(TestRunner.java:794)
at org.testng.TestRunner.run(TestRunner.java:596)
at org.testng.SuiteRunner.runTest(SuiteRunner.java:377)
at org.testng.SuiteRunner.access$000(SuiteRunner.java:28)
at org.testng.SuiteRunner$SuiteWorker.run(SuiteRunner.java:418)
at org.testng.internal.thread.ThreadUtil.lambda$execute$0(ThreadUtil.java:64)
at java.base/java.util.concurrent.FutureTask.run(FutureTask.java:264)
at java.base/java.util.concurrent.ThreadPoolExecutor.runWorker(ThreadPoolExecutor.java:1136)
at java.base/java.util.concurrent.ThreadPoolExecutor$Worker.run(ThreadPoolExecutor.java:635)
at java.base/java.lang.Thread.run(Thread.java:833)
]]>
            </full-stacktrace>
          </exception> <!-- java.lang.AssertionError -->
          <reporter-output>
          </reporter-output>
        </test-method> <!-- method1 -->
        <test-method signature="method2()[pri:0, instance:test.TestNGBasics@20f5239f]" started-at="2022-09-02T17:25:02 IST" name="method2" finished-at="2022-09-02T17:25:02 IST" duration-ms="4" status="PASS">
          <reporter-output>
          </reporter-output>
        </test-method> <!-- method2 -->
        <test-method is-config="true" signature="method3()[pri:0, instance:test.TestNGBasics@20f5239f]" started-at="2022-09-02T17:25:02 IST" name="method3" finished-at="2022-09-02T17:25:02 IST" duration-ms="0" status="PASS">
          <reporter-output>
          </reporter-output>
        </test-method> <!-- method3 -->
      </class> <!-- test.TestNGBasics -->
      <class name="test.test4">
        <test-method signature="webLoginHomeLoan(java.lang.String,java.lang.String)[pri:0, instance:test.test4@69997e9d]" started-at="2022-09-02T17:25:02 IST" name="webLoginHomeLoan" data-provider="getData" finished-at="2022-09-02T17:25:02 IST" duration-ms="14" status="PASS">
          <params>
            <param index="0">
              <value>
                <![CDATA[firstdatausername]]>
              </value>
            </param>
            <param index="1">
              <value>
                <![CDATA[firstdatapassword]]>
              </value>
            </param>
          </params>
          <reporter-output>
          </reporter-output>
        </test-method> <!-- webLoginHomeLoan -->
        <test-method signature="webLoginHomeLoan(java.lang.String,java.lang.String)[pri:0, instance:test.test4@69997e9d]" started-at="2022-09-02T17:25:02 IST" name="webLoginHomeLoan" data-provider="getData" finished-at="2022-09-02T17:25:02 IST" duration-ms="5" status="PASS">
          <params>
            <param index="0">
              <value>
                <![CDATA[seconddatausername]]>
              </value>
            </param>
            <param index="1">
              <value>
                <![CDATA[seconddatapassword]]>
              </value>
            </param>
          </params>
          <reporter-output>
          </reporter-output>
        </test-method> <!-- webLoginHomeLoan -->
        <test-method signature="webLoginHomeLoan(java.lang.String,java.lang.String)[pri:0, instance:test.test4@69997e9d]" started-at="2022-09-02T17:25:02 IST" name="webLoginHomeLoan" data-provider="getData" finished-at="2022-09-02T17:25:02 IST" duration-ms="4" status="PASS">
          <params>
            <param index="0">
              <value>
                <![CDATA[thirddatausername]]>
              </value>
            </param>
            <param index="1">
              <value>
                <![CDATA[thirddatapassword]]>
              </value>
            </param>
          </params>
          <reporter-output>
          </reporter-output>
        </test-method> <!-- webLoginHomeLoan -->
      </class> <!-- test.test4 -->
      <class name="test.test2">
        <test-method is-config="true" signature="method2()[pri:0, instance:test.test2@446293d]" started-at="2022-09-02T17:25:02 IST" name="method2" finished-at="2022-09-02T17:25:02 IST" duration-ms="1" status="PASS">
          <reporter-output>
          </reporter-output>
        </test-method> <!-- method2 -->
      </class> <!-- test.test2 -->
    </test> <!-- HomeLoan -->
    <test started-at="2022-09-02T17:25:02 IST" name="CarLoan" finished-at="2022-09-02T17:25:02 IST" duration-ms="99">
      <class name="test.TestNGBasics">
        <test-method is-config="true" signature="executeLast()[pri:0, instance:test.TestNGBasics@20f5239f]" started-at="2022-09-02T17:25:02 IST" name="executeLast" finished-at="2022-09-02T17:25:02 IST" duration-ms="1" status="PASS">
          <reporter-output>
          </reporter-output>
        </test-method> <!-- executeLast -->
      </class> <!-- test.TestNGBasics -->
      <class name="test.test3">
        <test-method is-config="true" signature="executeFirst()[pri:0, instance:test.test3@1a18644]" started-at="2022-09-02T17:25:02 IST" name="executeFirst" finished-at="2022-09-02T17:25:02 IST" duration-ms="17" status="PASS">
          <reporter-output>
          </reporter-output>
        </test-method> <!-- executeFirst -->
        <test-method is-config="true" signature="executeBeforeMethod()[pri:0, instance:test.test3@1a18644]" started-at="2022-09-02T17:25:02 IST" name="executeBeforeMethod" finished-at="2022-09-02T17:25:02 IST" duration-ms="0" status="PASS">
          <reporter-output>
          </reporter-output>
        </test-method> <!-- executeBeforeMethod -->
        <test-method signature="webLoginCarLoan(java.lang.String)[pri:0, instance:test.test3@1a18644]" started-at="2022-09-02T17:25:02 IST" name="webLoginCarLoan" finished-at="2022-09-02T17:25:02 IST" duration-ms="10" status="PASS">
          <params>
            <param index="0">
              <value>
                <![CDATA[carloanlevl.com]]>
              </value>
            </param>
          </params>
          <reporter-output>
          </reporter-output>
        </test-method> <!-- webLoginCarLoan -->
        <test-method is-config="true" signature="executeAfterMethod()[pri:0, instance:test.test3@1a18644]" started-at="2022-09-02T17:25:02 IST" name="executeAfterMethod" finished-at="2022-09-02T17:25:02 IST" duration-ms="1" status="PASS">
          <reporter-output>
          </reporter-output>
        </test-method> <!-- executeAfterMethod -->
        <test-method signature="apiLoginCarLoan()[pri:0, instance:test.test3@1a18644]" started-at="2022-09-02T17:25:02 IST" name="apiLoginCarLoan" finished-at="2022-09-02T17:25:02 IST" depends-on-methods="test.test3.webLoginCarLoan" duration-ms="3" status="PASS">
          <reporter-output>
          </reporter-output>
        </test-method> <!-- apiLoginCarLoan -->
        <test-method is-config="true" signature="executeBeforeMethod()[pri:0, instance:test.test3@1a18644]" started-at="2022-09-02T17:25:02 IST" name="executeBeforeMethod" finished-at="2022-09-02T17:25:02 IST" duration-ms="0" status="PASS">
          <reporter-output>
          </reporter-output>
        </test-method> <!-- executeBeforeMethod -->
        <test-method is-config="true" signature="executeAfterMethod()[pri:0, instance:test.test3@1a18644]" started-at="2022-09-02T17:25:02 IST" name="executeAfterMethod" finished-at="2022-09-02T17:25:02 IST" duration-ms="0" status="PASS">
          <reporter-output>
          </reporter-output>
        </test-method> <!-- executeAfterMethod -->
      </class> <!-- test.test3 -->
    </test> <!-- CarLoan -->
  </suite> <!-- Suite -->
</testng-results>
