<?xml version="1.0" encoding="UTF-8"?>
<!-- Generated by org.testng.reporters.JUnitXMLReporter -->
<testsuite ignored="0" hostname="M2B-L-F28PH9R" failures="1" tests="2" name="Error Validation Test" time="12.131" errors="0" timestamp="2022-09-17T21:12:38 IST">
  <testcase classname="Selenium.Tests.ErrorValidations" name="loginFailureValidations" time="0.64"/>
  <testcase classname="Selenium.Tests.ErrorValidations" name="productNameErrorValidation" time="0.747">
    <failure type="java.lang.NullPointerException" message="Cannot invoke &amp;quot;org.openqa.selenium.WebElement.findElement(org.openqa.selenium.By)&amp;quot; because &amp;quot;prod&amp;quot; is null">
      <![CDATA[java.lang.NullPointerException: Cannot invoke "org.openqa.selenium.WebElement.findElement(org.openqa.selenium.By)" because "prod" is null
at selenium.pageobjects.ProductCatalouge.addToProduct(ProductCatalouge.java:51)
at Selenium.Tests.ErrorValidations.productNameErrorValidation(ErrorValidations.java:40)
at java.base/java.util.ArrayList.forEach(ArrayList.java:1511)
... Removed 27 stack frames]]>
    </failure>
  </testcase> <!-- productNameErrorValidation -->
</testsuite> <!-- Error Validation Test -->
